<?xml version="1.0" encoding="UTF-8"?>
<testsuite xmlns:xsi="http://www.w3.org/2001/XMLSchema-instance" xsi:noNamespaceSchemaLocation="https://maven.apache.org/surefire/maven-surefire-plugin/xsd/surefire-test-report-3.0.xsd" version="3.0" name="TestSuite" time="16.993" tests="1" errors="0" skipped="0" failures="1">
  <properties>
[...]
</properties>
  <testcase name="loginTest" classname="gw.qa.guidewiretest.LoginPageTest" time="10.207">
    <failure message="Keys to send should be a not null CharSequence" type="java.lang.IllegalArgumentException">java.lang.IllegalArgumentException: Keys to send should be a not null CharSequence
	at gw.qa.guidewiretest.LoginPageTest.loginTest(LoginPageTest.java:49)
</failure>
    <system-out><![CDATA[in test base constructor 
 in LoginPageTest constructor 
in test base constructor 
In Login Page constructor
Hiiiiiiiiiiiiiiiiiiiiiiiiiiinull
username is +++++ Proxy element for: DefaultElementLocator 'By.xpath: //input[@id='Login:LoginScreen:LoginDV:username']' driver is ChromeDriver: chrome on XP (d39f5b54f0cf2d0c0b00a05c57a6ca6d)
]]></system-out>
    <system-err><![CDATA[Starting ChromeDriver 74.0.3729.6 (255758eccf3d244491b8a1317aa76e1ce10d57e9-refs/branch-heads/3729@{#29}) on port 31482
Only local connections are allowed.
Please protect ports used by ChromeDriver and related test frameworks to prevent access by malicious code.
[1562049116.203][WARNING]: This version of ChromeDriver has not been tested with Chrome version 75.
Jul 02, 2019 12:01:57 PM org.openqa.selenium.remote.ProtocolHandshake createSession
INFO: Detected dialect: OSS
]]></system-err>
  </testcase>
</testsuite>